2024-11-16 22:34:15,272 - Project-Practice -INFO - Log- Chrome Browser launching
2024-11-16 22:34:23,985 - Project-Practice -INFO - Application is Launching
2024-11-16 22:34:24,067 - Project-Practice -INFO - Entering Username
2024-11-16 22:34:27,356 - Project-Practice -INFO - Entering Password
2024-11-16 22:34:30,676 - Project-Practice -INFO - Clicking on logging button
2024-11-16 22:34:41,185 - Project-Practice -INFO - Log - Clicking On Admin Option
2024-11-16 22:34:41,199 - Project-Practice -WARN - Log - Verifying the URL....It may be matched or unmatched
2024-11-16 22:34:41,199 - Project-Practice -INFO - Log -Validating the admin urls
2024-11-16 22:34:41,199 - Project-Practice -INFO - Admin Url validation matched - Test Case Passed
2024-11-16 22:34:48,479 - Project-Practice -INFO - Entering Username
2024-11-16 22:34:51,750 - Project-Practice -INFO - Entering Password
2024-11-16 22:34:55,108 - Project-Practice -INFO - Clicking on logging button
2024-11-16 22:35:16,085 - Project-Practice -INFO - Entering Username
2024-11-16 22:35:19,310 - Project-Practice -INFO - Entering Password
2024-11-16 22:35:22,498 - Project-Practice -INFO - Clicking on logging button
2025-03-11 12:17:50,823 - Project-Practice -INFO - Log- Chrome Browser launching
2025-03-11 12:17:59,198 - Project-Practice -INFO - Application is Launching
2025-03-11 12:17:59,390 - Project-Practice -INFO - Entering Username
2025-03-11 12:18:02,720 - Project-Practice -INFO - Entering Password
2025-03-11 12:18:05,986 - Project-Practice -INFO - Clicking on logging button
2025-03-11 12:18:14,097 - Project-Practice -INFO - Log - Clicking On Admin Option
2025-03-11 12:18:14,110 - Project-Practice -WARN - Log - Verifying the URL....It may be matched or unmatched
2025-03-11 12:18:14,111 - Project-Practice -INFO - Log -Validating the admin urls
2025-03-11 12:18:14,116 - Project-Practice -INFO - Admin Url validation matched - Test Case Passed
2025-03-11 12:18:21,837 - Project-Practice -INFO - Entering Username
2025-03-11 12:18:25,077 - Project-Practice -INFO - Entering Password
2025-03-11 12:18:28,272 - Project-Practice -INFO - Clicking on logging button
2025-03-11 12:18:59,163 - Project-Practice -INFO - Entering Username
2025-03-11 12:21:36,891 - Project-Practice -INFO - Log- Chrome Browser launching
2025-03-11 12:21:44,868 - Project-Practice -INFO - Application is Launching
2025-03-11 12:21:44,930 - Project-Practice -INFO - Entering Username
2025-03-11 12:21:48,199 - Project-Practice -INFO - Entering Password
2025-03-11 12:21:51,393 - Project-Practice -INFO - Clicking on logging button
2025-03-11 12:21:59,605 - Project-Practice -INFO - Log - Clicking On Admin Option
2025-03-11 12:21:59,620 - Project-Practice -WARN - Log - Verifying the URL....It may be matched or unmatched
2025-03-11 12:21:59,621 - Project-Practice -INFO - Log -Validating the admin urls
2025-03-11 12:21:59,628 - Project-Practice -INFO - Admin Url validation matched - Test Case Passed
2025-03-11 12:22:24,176 - Project-Practice -INFO - Entering Username
2025-03-11 12:23:26,712 - Project-Practice -INFO - Entering Username
2025-03-11 12:27:05,521 - Project-Practice -INFO - Log- Chrome Browser launching
2025-03-11 12:27:14,603 - Project-Practice -INFO - Application is Launching
2025-03-11 12:27:14,679 - Project-Practice -INFO - Entering Username
2025-03-11 12:27:17,931 - Project-Practice -INFO - Entering Password
2025-03-11 12:27:21,173 - Project-Practice -INFO - Clicking on logging button
2025-03-11 12:27:29,855 - Project-Practice -INFO - Log - Clicking On Admin Option
2025-03-11 12:27:29,865 - Project-Practice -WARN - Log - Verifying the URL....It may be matched or unmatched
2025-03-11 12:27:29,865 - Project-Practice -INFO - Log -Validating the admin urls
2025-03-11 12:27:29,871 - Project-Practice -INFO - Admin Url validation matched - Test Case Passed
2025-03-11 12:27:37,074 - Project-Practice -INFO - Entering Username
2025-03-11 12:27:40,291 - Project-Practice -INFO - Entering Password
2025-03-11 12:27:43,507 - Project-Practice -INFO - Clicking on logging button
2025-03-11 12:28:14,382 - Project-Practice -INFO - Entering Username
2025-03-11 12:31:47,100 - Project-Practice -INFO - Log- Chrome Browser launching
2025-03-11 12:31:57,337 - Project-Practice -INFO - Application is Launching
2025-03-11 12:31:57,386 - Project-Practice -INFO - Entering Username
2025-03-11 12:32:00,640 - Project-Practice -INFO - Entering Password
2025-03-11 12:32:03,870 - Project-Practice -INFO - Clicking on logging button
2025-03-11 12:32:13,417 - Project-Practice -INFO - Log - Clicking On Admin Option
2025-03-11 12:32:13,422 - Project-Practice -WARN - Log - Verifying the URL....It may be matched or unmatched
2025-03-11 12:32:13,422 - Project-Practice -INFO - Log -Validating the admin urls
2025-03-11 12:32:13,422 - Project-Practice -INFO - Admin Url validation matched - Test Case Passed
2025-03-11 12:32:20,663 - Project-Practice -INFO - Entering Username
2025-03-11 12:32:23,837 - Project-Practice -INFO - Entering Password
2025-03-11 12:32:27,084 - Project-Practice -INFO - Clicking on logging button
2025-03-11 12:32:57,762 - Project-Practice -INFO - Entering Username
2025-03-11 12:33:56,114 - Project-Practice -INFO - Log- Chrome Browser launching
2025-03-11 12:34:08,645 - Project-Practice -INFO - Application is Launching
2025-03-11 12:34:08,698 - Project-Practice -INFO - Entering Username
2025-03-11 12:34:11,914 - Project-Practice -INFO - Entering Password
2025-03-11 12:34:15,132 - Project-Practice -INFO - Clicking on logging button
2025-03-11 12:34:24,589 - Project-Practice -INFO - Log - Clicking On Admin Option
2025-03-11 12:34:24,606 - Project-Practice -WARN - Log - Verifying the URL....It may be matched or unmatched
2025-03-11 12:34:24,606 - Project-Practice -INFO - Log -Validating the admin urls
2025-03-11 12:34:24,616 - Project-Practice -INFO - Admin Url validation matched - Test Case Passed
2025-03-11 12:34:31,987 - Project-Practice -INFO - Entering Username
2025-03-11 12:34:35,160 - Project-Practice -INFO - Entering Password
2025-03-11 12:34:38,442 - Project-Practice -INFO - Clicking on logging button
2025-03-11 12:34:57,329 - Project-Practice -INFO - Entering Username
2025-03-11 12:35:00,525 - Project-Practice -INFO - Entering Password
2025-03-11 12:35:03,747 - Project-Practice -INFO - Clicking on logging button
2025-03-11 14:54:14,010 - Project-Practice -INFO - Log- Chrome Browser launching
2025-03-11 14:54:23,029 - Project-Practice -INFO - Application is Launching
2025-03-11 14:54:23,093 - Project-Practice -INFO - Entering Username
2025-03-11 14:54:26,655 - Project-Practice -INFO - Entering Password
2025-03-11 14:54:29,862 - Project-Practice -INFO - Clicking on logging button
2025-03-11 14:56:55,544 - Project-Practice -INFO - Log- Chrome Browser launching
2025-03-11 14:57:07,908 - Project-Practice -INFO - Application is Launching
2025-03-11 14:57:07,949 - Project-Practice -INFO - Entering Username
2025-03-11 14:57:11,194 - Project-Practice -INFO - Entering Password
2025-03-11 14:57:14,451 - Project-Practice -INFO - Clicking on logging button
2025-03-11 15:00:57,331 - Project-Practice -INFO - Log- Chrome Browser launching
2025-03-11 15:01:10,721 - Project-Practice -INFO - Application is Launching
2025-03-11 15:01:10,772 - Project-Practice -INFO - Entering Username
2025-03-11 15:01:13,965 - Project-Practice -INFO - Entering Password
2025-03-11 15:01:17,213 - Project-Practice -INFO - Clicking on logging button
2025-03-11 15:06:46,066 - Project-Practice -INFO - Log- Chrome Browser launching
2025-03-11 15:06:55,256 - Project-Practice -INFO - Application is Launching
2025-03-11 15:06:55,325 - Project-Practice -INFO - Entering Username
2025-03-11 15:06:58,524 - Project-Practice -INFO - Entering Password
2025-03-11 15:07:01,780 - Project-Practice -INFO - Clicking on logging button
2025-03-11 15:08:44,286 - Project-Practice -INFO - Log- Chrome Browser launching
2025-03-11 15:08:53,936 - Project-Practice -INFO - Application is Launching
2025-03-11 15:08:53,978 - Project-Practice -INFO - Entering Username
2025-03-11 15:08:57,268 - Project-Practice -INFO - Entering Password
2025-03-11 15:09:00,527 - Project-Practice -INFO - Clicking on logging button
2025-03-11 15:09:23,221 - Project-Practice -INFO - Entering Username
2025-03-11 15:09:26,540 - Project-Practice -INFO - Entering Password
2025-03-11 15:09:29,724 - Project-Practice -INFO - Clicking on logging button
2025-03-11 15:09:38,215 - Project-Practice -INFO - Log - Clicking On Admin Option
2025-03-11 15:09:38,233 - Project-Practice -WARN - Log - Verifying the URL....It may be matched or unmatched
2025-03-11 15:09:38,233 - Project-Practice -INFO - Log -Validating the admin urls
2025-03-11 15:09:38,280 - Project-Practice -INFO - Admin Url validation matched - Test Case Passed
2025-03-11 15:11:06,176 - Project-Practice -INFO - Log- Chrome Browser launching
2025-03-11 15:11:16,868 - Project-Practice -INFO - Application is Launching
2025-03-11 15:11:16,926 - Project-Practice -INFO - Entering Username
2025-03-11 15:11:20,143 - Project-Practice -INFO - Entering Password
2025-03-11 15:11:23,382 - Project-Practice -INFO - Clicking on logging button
2025-03-11 15:27:27,262 - Project-Practice -INFO - Log- Chrome Browser launching
2025-03-11 15:27:39,728 - Project-Practice -INFO - Application is Launching
2025-03-11 15:27:39,777 - Project-Practice -INFO - Entering Username
2025-03-11 15:27:43,124 - Project-Practice -INFO - Entering Password
2025-03-11 15:27:46,375 - Project-Practice -INFO - Clicking on logging button
2025-03-11 15:40:05,405 - Project-Practice -INFO - Log- Chrome Browser launching
2025-03-11 15:40:14,818 - Project-Practice -INFO - Application is Launching
2025-03-11 15:40:14,883 - Project-Practice -INFO - Entering Username
2025-03-11 15:40:18,162 - Project-Practice -INFO - Entering Password
2025-03-11 15:40:21,446 - Project-Practice -INFO - Clicking on logging button
2025-03-11 15:43:18,301 - Project-Practice -INFO - Log- Chrome Browser launching
2025-03-11 15:43:30,907 - Project-Practice -INFO - Application is Launching
2025-03-11 15:43:30,961 - Project-Practice -INFO - Entering Username
2025-03-11 15:43:34,166 - Project-Practice -INFO - Entering Password
2025-03-11 15:43:37,406 - Project-Practice -INFO - Clicking on logging button
2025-03-11 16:15:23,338 - Project-Practice -INFO - Log- Chrome Browser launching
2025-03-11 16:15:31,013 - Project-Practice -INFO - Application is Launching
2025-03-11 16:15:31,061 - Project-Practice -INFO - Entering Username
2025-03-11 16:15:34,257 - Project-Practice -INFO - Entering Password
2025-03-11 16:15:37,388 - Project-Practice -INFO - Clicking on logging button
2025-03-11 16:18:40,399 - Project-Practice -INFO - Log- Chrome Browser launching
2025-03-11 16:18:48,571 - Project-Practice -INFO - Application is Launching
2025-03-11 16:18:48,605 - Project-Practice -INFO - Entering Username
2025-03-11 16:18:51,759 - Project-Practice -INFO - Entering Password
2025-03-11 16:18:54,925 - Project-Practice -INFO - Clicking on logging button
2025-03-11 16:29:05,382 - Project-Practice -INFO - Log- Chrome Browser launching
2025-03-11 16:29:13,205 - Project-Practice -INFO - Application is Launching
2025-03-11 16:29:13,236 - Project-Practice -INFO - Entering Username
2025-03-11 16:29:16,372 - Project-Practice -INFO - Entering Password
2025-03-11 16:29:19,486 - Project-Practice -INFO - Clicking on logging button
2025-03-11 16:37:16,095 - Project-Practice -INFO - Log- Chrome Browser launching
2025-03-11 16:37:23,899 - Project-Practice -INFO - Application is Launching
2025-03-11 16:37:23,967 - Project-Practice -INFO - Entering Username
2025-03-11 16:37:27,195 - Project-Practice -INFO - Entering Password
2025-03-11 16:37:30,316 - Project-Practice -INFO - Clicking on logging button
2025-03-11 16:40:57,005 - Project-Practice -INFO - Log- Chrome Browser launching
2025-03-11 16:41:04,741 - Project-Practice -INFO - Application is Launching
2025-03-11 16:41:04,775 - Project-Practice -INFO - Entering Username
2025-03-11 16:41:07,971 - Project-Practice -INFO - Entering Password
2025-03-11 16:41:11,202 - Project-Practice -INFO - Clicking on logging button
2025-03-11 16:41:16,373 - Project-Practice -INFO - Entering Username
2025-03-11 16:41:16,389 - Project-Practice -INFO - Entering Username
2025-03-11 16:41:16,404 - Project-Practice -INFO - Entering Username
2025-03-11 16:42:26,803 - Project-Practice -INFO - Log- Chrome Browser launching
2025-03-11 16:42:34,291 - Project-Practice -INFO - Application is Launching
2025-03-11 16:42:34,331 - Project-Practice -INFO - Entering Username
2025-03-11 16:42:37,494 - Project-Practice -INFO - Entering Password
2025-03-11 16:42:40,642 - Project-Practice -INFO - Clicking on logging button
2025-03-11 16:43:15,445 - Project-Practice -INFO - Entering Username
2025-03-11 16:43:15,461 - Project-Practice -INFO - Entering Username
2025-03-11 16:43:15,477 - Project-Practice -INFO - Entering Username
2025-03-11 16:44:53,740 - Project-Practice -INFO - Log- Chrome Browser launching
2025-03-11 16:45:01,603 - Project-Practice -INFO - Application is Launching
2025-03-11 16:45:01,635 - Project-Practice -INFO - Entering Username
2025-03-11 16:45:04,765 - Project-Practice -INFO - Entering Password
2025-03-11 16:45:07,936 - Project-Practice -INFO - Clicking on logging button
2025-03-11 16:46:04,326 - Project-Practice -INFO - Entering Username
2025-03-11 16:46:49,942 - Project-Practice -INFO - Entering Username
2025-03-11 16:46:53,119 - Project-Practice -INFO - Entering Password
2025-03-11 16:46:56,216 - Project-Practice -INFO - Clicking on logging button
2025-03-11 16:47:23,766 - Project-Practice -INFO - Entering Username
2025-03-11 16:51:17,763 - Project-Practice -INFO - Log- Chrome Browser launching
2025-03-11 16:51:25,634 - Project-Practice -INFO - Application is Launching
2025-03-11 16:51:25,685 - Project-Practice -INFO - Entering Username
2025-03-11 16:51:28,846 - Project-Practice -INFO - Entering Password
2025-03-11 16:51:32,015 - Project-Practice -INFO - Clicking on logging button
2025-03-11 16:52:08,986 - Project-Practice -INFO - Entering Username
2025-03-11 16:52:23,111 - Project-Practice -INFO - Entering Username
2025-03-11 16:52:23,127 - Project-Practice -INFO - Entering Username
2025-03-11 16:54:58,409 - Project-Practice -INFO - Log- Chrome Browser launching
2025-03-11 16:55:06,846 - Project-Practice -INFO - Application is Launching
2025-03-11 16:55:06,918 - Project-Practice -INFO - Entering Username
2025-03-11 16:55:10,072 - Project-Practice -INFO - Entering Password
2025-03-11 16:55:13,172 - Project-Practice -INFO - Clicking on logging button
2025-03-11 16:55:48,934 - Project-Practice -INFO - Entering Username
2025-03-11 16:55:48,957 - Project-Practice -INFO - Entering Username
2025-03-11 16:55:48,966 - Project-Practice -INFO - Entering Username
2025-03-11 16:56:17,568 - Project-Practice -INFO - Log- Chrome Browser launching
2025-03-11 16:56:25,701 - Project-Practice -INFO - Application is Launching
2025-03-11 16:56:25,743 - Project-Practice -INFO - Entering Username
2025-03-11 16:56:28,890 - Project-Practice -INFO - Entering Password
2025-03-11 16:56:32,031 - Project-Practice -INFO - Clicking on logging button
2025-03-11 16:57:06,969 - Project-Practice -INFO - Entering Username
2025-03-11 16:57:06,990 - Project-Practice -INFO - Entering Username
2025-03-11 16:57:07,000 - Project-Practice -INFO - Entering Username
2025-03-11 16:57:34,371 - Project-Practice -INFO - Log- Chrome Browser launching
2025-03-11 16:57:41,798 - Project-Practice -INFO - Application is Launching
2025-03-11 16:57:41,838 - Project-Practice -INFO - Entering Username
2025-03-11 16:57:44,964 - Project-Practice -INFO - Entering Password
2025-03-11 16:57:48,096 - Project-Practice -INFO - Clicking on logging button
2025-03-11 16:58:31,279 - Project-Practice -INFO - Entering Username
2025-03-11 16:59:14,551 - Project-Practice -INFO - Entering Username
2025-03-11 16:59:57,857 - Project-Practice -INFO - Entering Username
2025-03-11 17:01:08,714 - Project-Practice -INFO - Log- Chrome Browser launching
2025-03-11 17:01:16,627 - Project-Practice -INFO - Application is Launching
2025-03-11 17:01:16,684 - Project-Practice -INFO - Entering Username
2025-03-11 17:01:19,859 - Project-Practice -INFO - Entering Password
2025-03-11 17:01:23,005 - Project-Practice -INFO - Clicking on logging button
2025-03-11 17:02:10,103 - Project-Practice -INFO - Entering Username
2025-03-11 17:02:13,220 - Project-Practice -INFO - Entering Password
2025-03-11 17:02:16,402 - Project-Practice -INFO - Clicking on logging button
2025-03-11 17:02:26,183 - Project-Practice -INFO - Log - Clicking On Admin Option
2025-03-11 17:02:26,199 - Project-Practice -WARN - Log - Verifying the URL....It may be matched or unmatched
2025-03-11 17:02:26,199 - Project-Practice -INFO - Log -Validating the admin urls
2025-03-11 17:02:26,199 - Project-Practice -INFO - Admin Url validation matched - Test Case Passed
2025-03-11 17:02:35,091 - Project-Practice -INFO - Entering Username
2025-03-11 17:02:38,242 - Project-Practice -INFO - Entering Password
2025-03-11 17:02:41,373 - Project-Practice -INFO - Clicking on logging button
2025-03-11 17:03:12,950 - Project-Practice -INFO - Entering Username
2025-03-11 17:05:50,445 - Project-Practice -INFO - Log- Chrome Browser launching
2025-03-11 17:05:58,305 - Project-Practice -INFO - Application is Launching
2025-03-11 17:05:58,337 - Project-Practice -INFO - Entering Username
2025-03-11 17:06:01,481 - Project-Practice -INFO - Entering Password
2025-03-11 17:06:04,636 - Project-Practice -INFO - Clicking on logging button
2025-03-11 17:06:53,081 - Project-Practice -INFO - Entering Username
2025-03-11 17:06:56,214 - Project-Practice -INFO - Entering Password
2025-03-11 17:06:59,380 - Project-Practice -INFO - Clicking on logging button
2025-03-11 17:07:07,373 - Project-Practice -INFO - Log - Clicking On Admin Option
2025-03-11 17:07:07,389 - Project-Practice -WARN - Log - Verifying the URL....It may be matched or unmatched
2025-03-11 17:07:07,389 - Project-Practice -INFO - Log -Validating the admin urls
2025-03-11 17:07:07,404 - Project-Practice -INFO - Admin Url validation matched - Test Case Passed
2025-03-11 17:07:16,399 - Project-Practice -INFO - Entering Username
2025-03-11 17:07:19,583 - Project-Practice -INFO - Entering Password
2025-03-11 17:07:22,719 - Project-Practice -INFO - Clicking on logging button
2025-03-11 17:07:55,341 - Project-Practice -INFO - Entering Username
2025-03-11 17:11:10,376 - Project-Practice -INFO - Log- Chrome Browser launching
2025-03-11 17:11:18,241 - Project-Practice -INFO - Application is Launching
2025-03-11 17:11:18,294 - Project-Practice -INFO - Entering Username
2025-03-11 17:11:21,430 - Project-Practice -INFO - Entering Password
2025-03-11 17:11:24,573 - Project-Practice -INFO - Clicking on logging button
2025-03-11 17:12:11,635 - Project-Practice -INFO - Entering Username
2025-03-11 17:12:14,775 - Project-Practice -INFO - Entering Password
2025-03-11 17:12:17,958 - Project-Practice -INFO - Clicking on logging button
2025-03-11 17:12:27,011 - Project-Practice -INFO - Log - Clicking On Admin Option
2025-03-11 17:12:27,027 - Project-Practice -WARN - Log - Verifying the URL....It may be matched or unmatched
2025-03-11 17:12:27,027 - Project-Practice -INFO - Log -Validating the admin urls
2025-03-11 17:12:27,027 - Project-Practice -INFO - Admin Url validation matched - Test Case Passed
2025-03-11 17:12:36,092 - Project-Practice -INFO - Entering Username
2025-03-11 17:12:39,248 - Project-Practice -INFO - Entering Password
2025-03-11 17:12:42,409 - Project-Practice -INFO - Clicking on logging button
2025-03-11 17:13:04,193 - Project-Practice -INFO - Entering Username
2025-03-11 17:13:07,314 - Project-Practice -INFO - Entering Password
2025-03-11 17:13:10,452 - Project-Practice -INFO - Clicking on logging button
2025-03-11 17:16:49,715 - Project-Practice -INFO - Log- Chrome Browser launching
2025-03-11 17:16:58,445 - Project-Practice -INFO - Application is Launching
2025-03-11 17:16:58,484 - Project-Practice -INFO - Entering Username
2025-03-11 17:17:01,628 - Project-Practice -INFO - Entering Password
2025-03-11 17:17:04,759 - Project-Practice -INFO - Clicking on logging button
2025-03-11 17:17:51,644 - Project-Practice -INFO - Entering Username
2025-03-11 17:17:54,792 - Project-Practice -INFO - Entering Password
2025-03-11 17:17:57,954 - Project-Practice -INFO - Clicking on logging button
2025-03-11 17:18:05,914 - Project-Practice -INFO - Log - Clicking On Admin Option
2025-03-11 17:18:05,930 - Project-Practice -WARN - Log - Verifying the URL....It may be matched or unmatched
2025-03-11 17:18:05,930 - Project-Practice -INFO - Log -Validating the admin urls
2025-03-11 17:18:05,930 - Project-Practice -INFO - Admin Url validation matched - Test Case Passed
2025-03-11 17:18:14,909 - Project-Practice -INFO - Entering Username
2025-03-11 17:18:18,013 - Project-Practice -INFO - Entering Password
2025-03-11 17:18:21,112 - Project-Practice -INFO - Clicking on logging button
2025-03-11 17:18:42,729 - Project-Practice -INFO - Entering Username
2025-03-11 17:18:45,848 - Project-Practice -INFO - Entering Password
2025-03-11 17:18:48,999 - Project-Practice -INFO - Clicking on logging button
2025-03-11 17:23:29,324 - Project-Practice -INFO - Log- Chrome Browser launching
2025-03-11 17:23:37,333 - Project-Practice -INFO - Application is Launching
2025-03-11 17:23:37,381 - Project-Practice -INFO - Entering Username
2025-03-11 17:23:40,498 - Project-Practice -INFO - Entering Password
2025-03-11 17:23:43,609 - Project-Practice -INFO - Clicking on logging button
2025-03-11 17:24:30,573 - Project-Practice -INFO - Entering Username
2025-03-11 17:24:33,697 - Project-Practice -INFO - Entering Password
2025-03-11 17:24:36,826 - Project-Practice -INFO - Clicking on logging button
2025-03-11 17:24:44,849 - Project-Practice -INFO - Log - Clicking On Admin Option
2025-03-11 17:24:44,865 - Project-Practice -WARN - Log - Verifying the URL....It may be matched or unmatched
2025-03-11 17:24:44,865 - Project-Practice -INFO - Log -Validating the admin urls
2025-03-11 17:24:44,865 - Project-Practice -INFO - Admin Url validation matched - Test Case Passed
2025-03-11 17:24:53,964 - Project-Practice -INFO - Entering Username
2025-03-11 17:24:57,083 - Project-Practice -INFO - Entering Password
2025-03-11 17:25:00,216 - Project-Practice -INFO - Clicking on logging button
2025-03-11 17:25:21,730 - Project-Practice -INFO - Entering Username
2025-03-11 17:25:24,854 - Project-Practice -INFO - Entering Password
2025-03-11 17:25:28,001 - Project-Practice -INFO - Clicking on logging button
2025-03-11 19:39:09,356 - Project-Practice -INFO - Log- Chrome Browser launching
2025-03-11 19:39:18,043 - Project-Practice -INFO - Application is Launching
2025-03-11 19:39:18,104 - Project-Practice -INFO - Entering Username
2025-03-11 19:39:21,368 - Project-Practice -INFO - Entering Password
2025-03-11 19:39:24,641 - Project-Practice -INFO - Clicking on logging button
2025-03-11 19:41:15,378 - Project-Practice -INFO - Log- Chrome Browser launching
2025-03-11 19:41:24,613 - Project-Practice -INFO - Application is Launching
2025-03-11 19:41:24,685 - Project-Practice -INFO - Entering Username
2025-03-11 19:41:27,934 - Project-Practice -INFO - Entering Password
2025-03-11 19:41:31,183 - Project-Practice -INFO - Clicking on logging button
2025-03-11 19:42:19,866 - Project-Practice -INFO - Entering Username
2025-03-11 19:42:23,082 - Project-Practice -INFO - Entering Password
2025-03-11 19:42:26,358 - Project-Practice -INFO - Clicking on logging button
2025-03-11 19:42:34,851 - Project-Practice -INFO - Log - Clicking On Admin Option
2025-03-11 19:42:34,873 - Project-Practice -WARN - Log - Verifying the URL....It may be matched or unmatched
2025-03-11 19:42:34,873 - Project-Practice -INFO - Log -Validating the admin urls
2025-03-11 19:42:34,876 - Project-Practice -INFO - Admin Url validation matched - Test Case Passed
2025-03-11 19:42:44,314 - Project-Practice -INFO - Entering Username
2025-03-11 19:42:47,509 - Project-Practice -INFO - Entering Password
2025-03-11 19:42:50,720 - Project-Practice -INFO - Clicking on logging button
2025-03-11 19:43:12,684 - Project-Practice -INFO - Entering Username
2025-03-11 19:43:15,836 - Project-Practice -INFO - Entering Password
2025-03-11 19:43:19,205 - Project-Practice -INFO - Clicking on logging button
